0 verbose cli C:\Program Files\nodejs\node.exe C:\Program Files\nodejs\node_modules\npm\bin\npm-cli.js
1 info using npm@10.7.0
2 info using node@v20.15.0
3 silly config:load:file:C:\Program Files\nodejs\node_modules\npm\npmrc
4 silly config:load:file:C:\Users\tives\Documents\projects\node\sparkhq\.npmrc
5 silly config:load:file:C:\Users\tives\.npmrc
6 silly config:load:file:C:\Users\tives\Documents\projects\node\sparkhq\tivesmynameAppDataRoamingnpm-cache\etc\npmrc
7 verbose title npm i nodemon
8 verbose argv "i" "nodemon"
9 verbose logfile logs-max:10 dir:C:\Users\tives\Documents\projects\node\sparkhq\tivesmynameAppDataRoamingnpm-cache\_logs\2024-10-02T07_35_28_379Z-
10 verbose logfile C:\Users\tives\Documents\projects\node\sparkhq\tivesmynameAppDataRoamingnpm-cache\_logs\2024-10-02T07_35_28_379Z-debug-0.log
11 silly logfile done cleaning log files
12 silly idealTree buildDeps
13 silly fetch manifest nodemon@*
14 http fetch GET 200 https://registry.npmjs.org/nodemon 873ms (cache miss)
15 silly placeDep ROOT nodemon@3.1.7 OK for: sparkhq@1.0.0 want: *
16 silly fetch manifest chokidar@^3.5.2
17 silly fetch manifest debug@^4
18 silly fetch manifest ignore-by-default@^1.0.1
19 silly fetch manifest minimatch@^3.1.2
20 silly fetch manifest pstree.remy@^1.1.8
21 silly fetch manifest semver@^7.5.3
22 silly fetch manifest simple-update-notifier@^2.0.0
23 silly fetch manifest supports-color@^5.5.0
24 silly fetch manifest touch@^3.1.0
25 silly fetch manifest undefsafe@^2.0.5
26 http fetch GET 200 https://registry.npmjs.org/ignore-by-default 375ms (cache miss)
27 http fetch GET 200 https://registry.npmjs.org/supports-color 571ms (cache miss)
28 http fetch GET 200 https://registry.npmjs.org/touch 579ms (cache miss)
29 http fetch GET 200 https://registry.npmjs.org/simple-update-notifier 610ms (cache miss)
30 http fetch GET 200 https://registry.npmjs.org/chokidar 682ms (cache miss)
31 http fetch GET 200 https://registry.npmjs.org/debug 720ms (cache revalidated)
32 http fetch GET 200 https://registry.npmjs.org/minimatch 733ms (cache miss)
33 http fetch GET 200 https://registry.npmjs.org/undefsafe 776ms (cache miss)
34 http fetch GET 200 https://registry.npmjs.org/pstree.remy 783ms (cache miss)
35 http fetch GET 200 https://registry.npmjs.org/semver 785ms (cache miss)
36 silly placeDep ROOT chokidar@3.6.0 OK for: nodemon@3.1.7 want: ^3.5.2
37 silly placeDep node_modules/nodemon debug@4.3.7 OK for: nodemon@3.1.7 want: ^4
38 silly placeDep ROOT ignore-by-default@1.0.1 OK for: nodemon@3.1.7 want: ^1.0.1
39 silly placeDep ROOT minimatch@3.1.2 OK for: nodemon@3.1.7 want: ^3.1.2
40 silly placeDep ROOT pstree.remy@1.1.8 OK for: nodemon@3.1.7 want: ^1.1.8
41 silly placeDep ROOT semver@7.6.3 OK for: nodemon@3.1.7 want: ^7.5.3
42 silly placeDep ROOT simple-update-notifier@2.0.0 OK for: nodemon@3.1.7 want: ^2.0.0
43 silly placeDep ROOT supports-color@5.5.0 OK for: nodemon@3.1.7 want: ^5.5.0
44 silly placeDep ROOT touch@3.1.1 OK for: nodemon@3.1.7 want: ^3.1.0
45 silly placeDep ROOT undefsafe@2.0.5 OK for: nodemon@3.1.7 want: ^2.0.5
46 silly fetch manifest braces@~3.0.2
47 silly fetch manifest is-glob@~4.0.1
48 silly fetch manifest anymatch@~3.1.2
49 silly fetch manifest readdirp@~3.6.0
50 silly fetch manifest glob-parent@~5.1.2
51 silly fetch manifest is-binary-path@~2.1.0
52 silly fetch manifest normalize-path@~3.0.0
53 silly fetch manifest fsevents@~2.3.2
54 silly fetch manifest ms@^2.1.3
55 silly fetch manifest brace-expansion@^1.1.7
56 silly fetch manifest has-flag@^3.0.0
57 http fetch GET 200 https://registry.npmjs.org/has-flag 523ms (cache miss)
58 http fetch GET 200 https://registry.npmjs.org/normalize-path 571ms (cache miss)
59 http fetch GET 200 https://registry.npmjs.org/braces 750ms (cache miss)
60 http fetch GET 200 https://registry.npmjs.org/is-glob 795ms (cache miss)
61 http fetch GET 200 https://registry.npmjs.org/glob-parent 794ms (cache miss)
62 http fetch GET 200 https://registry.npmjs.org/anymatch 799ms (cache miss)
63 http fetch GET 200 https://registry.npmjs.org/fsevents 834ms (cache miss)
64 http fetch GET 200 https://registry.npmjs.org/is-binary-path 842ms (cache miss)
65 http fetch GET 200 https://registry.npmjs.org/brace-expansion 842ms (cache miss)
66 http fetch GET 200 https://registry.npmjs.org/readdirp 906ms (cache miss)
67 http fetch GET 200 https://registry.npmjs.org/ms 1168ms (cache revalidated)
68 silly placeDep ROOT anymatch@3.1.3 OK for: chokidar@3.6.0 want: ~3.1.2
69 silly placeDep ROOT braces@3.0.3 OK for: chokidar@3.6.0 want: ~3.0.2
70 silly placeDep ROOT fsevents@2.3.3 OK for: chokidar@3.6.0 want: ~2.3.2
71 silly placeDep ROOT glob-parent@5.1.2 OK for: chokidar@3.6.0 want: ~5.1.2
72 silly placeDep ROOT is-binary-path@2.1.0 OK for: chokidar@3.6.0 want: ~2.1.0
73 silly placeDep ROOT is-glob@4.0.3 OK for: chokidar@3.6.0 want: ~4.0.1
74 silly placeDep ROOT normalize-path@3.0.0 OK for: chokidar@3.6.0 want: ~3.0.0
75 silly placeDep ROOT readdirp@3.6.0 OK for: chokidar@3.6.0 want: ~3.6.0
76 silly fetch manifest picomatch@^2.0.4
77 silly fetch manifest normalize-path@^3.0.0
78 silly fetch manifest fill-range@^7.1.1
79 silly fetch manifest is-glob@^4.0.1
80 silly fetch manifest binary-extensions@^2.0.0
81 silly fetch manifest is-extglob@^2.1.1
82 silly fetch manifest picomatch@^2.2.1
83 http fetch GET 200 https://registry.npmjs.org/is-extglob 285ms (cache miss)
84 http fetch GET 200 https://registry.npmjs.org/fill-range 326ms (cache miss)
85 http fetch GET 200 https://registry.npmjs.org/picomatch 333ms (cache miss)
86 http fetch GET 200 https://registry.npmjs.org/picomatch 340ms (cache miss)
87 http fetch GET 200 https://registry.npmjs.org/binary-extensions 372ms (cache miss)
88 silly placeDep ROOT picomatch@2.3.1 OK for: anymatch@3.1.3 want: ^2.0.4
89 silly placeDep ROOT fill-range@7.1.1 OK for: braces@3.0.3 want: ^7.1.1
90 silly fetch manifest to-regex-range@^5.0.1
91 http fetch GET 200 https://registry.npmjs.org/to-regex-range 270ms (cache miss)
92 silly placeDep ROOT to-regex-range@5.0.1 OK for: fill-range@7.1.1 want: ^5.0.1
93 silly fetch manifest is-number@^7.0.0
94 http fetch GET 200 https://registry.npmjs.org/is-number 322ms (cache miss)
95 silly placeDep ROOT binary-extensions@2.3.0 OK for: is-binary-path@2.1.0 want: ^2.0.0
96 silly placeDep ROOT is-extglob@2.1.1 OK for: is-glob@4.0.3 want: ^2.1.1
97 silly placeDep ROOT brace-expansion@1.1.11 OK for: minimatch@3.1.2 want: ^1.1.7
98 silly fetch manifest balanced-match@^1.0.0
99 silly fetch manifest concat-map@0.0.1
100 http fetch GET 200 https://registry.npmjs.org/balanced-match 152ms (cache miss)
101 http fetch GET 200 https://registry.npmjs.org/concat-map 154ms (cache miss)
102 silly placeDep ROOT balanced-match@1.0.2 OK for: brace-expansion@1.1.11 want: ^1.0.0
103 silly placeDep ROOT concat-map@0.0.1 OK for: brace-expansion@1.1.11 want: 0.0.1
104 silly placeDep ROOT has-flag@3.0.0 OK for: supports-color@5.5.0 want: ^3.0.0
105 silly placeDep ROOT is-number@7.0.0 OK for: to-regex-range@5.0.1 want: ^7.0.0
106 silly placeDep node_modules/nodemon ms@2.1.3 OK for: debug@4.3.7 want: ^2.1.3
107 silly reify moves {}
108 silly audit bulk request {
108 silly audit   '@sendgrid/client': [ '8.1.3' ],
108 silly audit   '@sendgrid/helpers': [ '8.0.0' ],
108 silly audit   accepts: [ '1.3.8' ],
108 silly audit   'array-flatten': [ '1.1.1' ],
108 silly audit   asynckit: [ '0.4.0' ],
108 silly audit   axios: [ '1.7.7' ],
108 silly audit   'body-parser': [ '1.20.3' ],
108 silly audit   bytes: [ '3.1.2' ],
108 silly audit   'call-bind': [ '1.0.7' ],
108 silly audit   'combined-stream': [ '1.0.8' ],
108 silly audit   'content-disposition': [ '0.5.4' ],
108 silly audit   'content-type': [ '1.0.5' ],
108 silly audit   cookie: [ '0.6.0' ],
108 silly audit   'cookie-signature': [ '1.0.6' ],
108 silly audit   cors: [ '2.8.5' ],
108 silly audit   debug: [ '2.6.9', '4.3.7' ],
108 silly audit   deepmerge: [ '4.3.1' ],
108 silly audit   'define-data-property': [ '1.1.4' ],
108 silly audit   'delayed-stream': [ '1.0.0' ],
108 silly audit   depd: [ '2.0.0' ],
108 silly audit   destroy: [ '1.2.0' ],
108 silly audit   dotenv: [ '16.4.5' ],
108 silly audit   'ee-first': [ '1.1.1' ],
108 silly audit   encodeurl: [ '2.0.0', '1.0.2' ],
108 silly audit   'es-define-property': [ '1.0.0' ],
108 silly audit   'es-errors': [ '1.3.0' ],
108 silly audit   'escape-html': [ '1.0.3' ],
108 silly audit   etag: [ '1.8.1' ],
108 silly audit   express: [ '4.21.0' ],
108 silly audit   finalhandler: [ '1.3.1' ],
108 silly audit   'follow-redirects': [ '1.15.9' ],
108 silly audit   'form-data': [ '4.0.0' ],
108 silly audit   forwarded: [ '0.2.0' ],
108 silly audit   fresh: [ '0.5.2' ],
108 silly audit   'function-bind': [ '1.1.2' ],
108 silly audit   'get-intrinsic': [ '1.2.4' ],
108 silly audit   gopd: [ '1.0.1' ],
108 silly audit   'has-property-descriptors': [ '1.0.2' ],
108 silly audit   'has-proto': [ '1.0.3' ],
108 silly audit   'has-symbols': [ '1.0.3' ],
108 silly audit   hasown: [ '2.0.2' ],
108 silly audit   'http-errors': [ '2.0.0' ],
108 silly audit   'iconv-lite': [ '0.4.24' ],
108 silly audit   inherits: [ '2.0.4' ],
108 silly audit   'ipaddr.js': [ '1.9.1' ],
108 silly audit   'media-typer': [ '0.3.0' ],
108 silly audit   'merge-descriptors': [ '1.0.3' ],
108 silly audit   methods: [ '1.1.2' ],
108 silly audit   mime: [ '1.6.0' ],
108 silly audit   'mime-db': [ '1.52.0' ],
108 silly audit   'mime-types': [ '2.1.35' ],
108 silly audit   ms: [ '2.0.0', '2.1.3' ],
108 silly audit   negotiator: [ '0.6.3' ],
108 silly audit   'object-assign': [ '4.1.1' ],
108 silly audit   'object-inspect': [ '1.13.2' ],
108 silly audit   'on-finished': [ '2.4.1' ],
108 silly audit   parseurl: [ '1.3.3' ],
108 silly audit   'path-to-regexp': [ '0.1.10' ],
108 silly audit   'proxy-addr': [ '2.0.7' ],
108 silly audit   'proxy-from-env': [ '1.1.0' ],
108 silly audit   qs: [ '6.13.0' ],
108 silly audit   'range-parser': [ '1.2.1' ],
108 silly audit   'raw-body': [ '2.5.2' ],
108 silly audit   'safe-buffer': [ '5.2.1' ],
108 silly audit   'safer-buffer': [ '2.1.2' ],
108 silly audit   send: [ '0.19.0' ],
108 silly audit   'serve-static': [ '1.16.2' ],
108 silly audit   'set-function-length': [ '1.2.2' ],
108 silly audit   setprototypeof: [ '1.2.0' ],
108 silly audit   'side-channel': [ '1.0.6' ],
108 silly audit   statuses: [ '2.0.1' ],
108 silly audit   toidentifier: [ '1.0.1' ],
108 silly audit   'type-is': [ '1.6.18' ],
108 silly audit   unpipe: [ '1.0.0' ],
108 silly audit   'utils-merge': [ '1.0.1' ],
108 silly audit   vary: [ '1.1.2' ],
108 silly audit   nodemon: [ '3.1.7' ],
108 silly audit   chokidar: [ '3.6.0' ],
108 silly audit   'ignore-by-default': [ '1.0.1' ],
108 silly audit   minimatch: [ '3.1.2' ],
108 silly audit   'pstree.remy': [ '1.1.8' ],
108 silly audit   semver: [ '7.6.3' ],
108 silly audit   'simple-update-notifier': [ '2.0.0' ],
108 silly audit   'supports-color': [ '5.5.0' ],
108 silly audit   touch: [ '3.1.1' ],
108 silly audit   undefsafe: [ '2.0.5' ],
108 silly audit   anymatch: [ '3.1.3' ],
108 silly audit   braces: [ '3.0.3' ],
108 silly audit   fsevents: [ '2.3.3' ],
108 silly audit   'glob-parent': [ '5.1.2' ],
108 silly audit   'is-binary-path': [ '2.1.0' ],
108 silly audit   'is-glob': [ '4.0.3' ],
108 silly audit   'normalize-path': [ '3.0.0' ],
108 silly audit   readdirp: [ '3.6.0' ],
108 silly audit   picomatch: [ '2.3.1' ],
108 silly audit   'fill-range': [ '7.1.1' ],
108 silly audit   'to-regex-range': [ '5.0.1' ],
108 silly audit   'binary-extensions': [ '2.3.0' ],
108 silly audit   'is-extglob': [ '2.1.1' ],
108 silly audit   'brace-expansion': [ '1.1.11' ],
108 silly audit   'balanced-match': [ '1.0.2' ],
108 silly audit   'concat-map': [ '0.0.1' ],
108 silly audit   'has-flag': [ '3.0.0' ],
108 silly audit   'is-number': [ '7.0.0' ]
108 silly audit }
109 verbose reify failed optional dependency C:\Users\tives\Documents\projects\node\sparkhq\node_modules\fsevents
110 silly reify mark deleted [
110 silly reify   'C:\\Users\\tives\\Documents\\projects\\node\\sparkhq\\node_modules\\fsevents'
110 silly reify ]
111 silly tarball no local data for brace-expansion@https://registry.npmjs.org/brace-expansion/-/brace-expansion-1.1.11.tgz. Extracting by manifest.
112 silly tarball no local data for is-number@https://registry.npmjs.org/is-number/-/is-number-7.0.0.tgz. Extracting by manifest.
113 silly tarball no local data for balanced-match@https://registry.npmjs.org/balanced-match/-/balanced-match-1.0.2.tgz. Extracting by manifest.
114 silly tarball no local data for has-flag@https://registry.npmjs.org/has-flag/-/has-flag-3.0.0.tgz. Extracting by manifest.
115 silly tarball no local data for binary-extensions@https://registry.npmjs.org/binary-extensions/-/binary-extensions-2.3.0.tgz. Extracting by manifest.
116 silly tarball no local data for concat-map@https://registry.npmjs.org/concat-map/-/concat-map-0.0.1.tgz. Extracting by manifest.
117 silly tarball no local data for to-regex-range@https://registry.npmjs.org/to-regex-range/-/to-regex-range-5.0.1.tgz. Extracting by manifest.
118 silly tarball no local data for fill-range@https://registry.npmjs.org/fill-range/-/fill-range-7.1.1.tgz. Extracting by manifest.
119 silly tarball no local data for picomatch@https://registry.npmjs.org/picomatch/-/picomatch-2.3.1.tgz. Extracting by manifest.
120 silly tarball no local data for normalize-path@https://registry.npmjs.org/normalize-path/-/normalize-path-3.0.0.tgz. Extracting by manifest.
121 silly tarball no local data for readdirp@https://registry.npmjs.org/readdirp/-/readdirp-3.6.0.tgz. Extracting by manifest.
122 silly tarball no local data for is-glob@https://registry.npmjs.org/is-glob/-/is-glob-4.0.3.tgz. Extracting by manifest.
123 silly tarball no local data for is-extglob@https://registry.npmjs.org/is-extglob/-/is-extglob-2.1.1.tgz. Extracting by manifest.
124 silly tarball no local data for is-binary-path@https://registry.npmjs.org/is-binary-path/-/is-binary-path-2.1.0.tgz. Extracting by manifest.
125 silly tarball no local data for glob-parent@https://registry.npmjs.org/glob-parent/-/glob-parent-5.1.2.tgz. Extracting by manifest.
126 silly tarball no local data for anymatch@https://registry.npmjs.org/anymatch/-/anymatch-3.1.3.tgz. Extracting by manifest.
127 silly tarball no local data for braces@https://registry.npmjs.org/braces/-/braces-3.0.3.tgz. Extracting by manifest.
128 silly tarball no local data for undefsafe@https://registry.npmjs.org/undefsafe/-/undefsafe-2.0.5.tgz. Extracting by manifest.
129 silly tarball no local data for simple-update-notifier@https://registry.npmjs.org/simple-update-notifier/-/simple-update-notifier-2.0.0.tgz. Extracting by manifest.
130 silly tarball no local data for touch@https://registry.npmjs.org/touch/-/touch-3.1.1.tgz. Extracting by manifest.
131 silly tarball no local data for supports-color@https://registry.npmjs.org/supports-color/-/supports-color-5.5.0.tgz. Extracting by manifest.
132 silly tarball no local data for pstree.remy@https://registry.npmjs.org/pstree.remy/-/pstree.remy-1.1.8.tgz. Extracting by manifest.
133 silly tarball no local data for semver@https://registry.npmjs.org/semver/-/semver-7.6.3.tgz. Extracting by manifest.
134 silly tarball no local data for ignore-by-default@https://registry.npmjs.org/ignore-by-default/-/ignore-by-default-1.0.1.tgz. Extracting by manifest.
135 silly tarball no local data for chokidar@https://registry.npmjs.org/chokidar/-/chokidar-3.6.0.tgz. Extracting by manifest.
136 silly tarball no local data for minimatch@https://registry.npmjs.org/minimatch/-/minimatch-3.1.2.tgz. Extracting by manifest.
137 silly tarball no local data for nodemon@https://registry.npmjs.org/nodemon/-/nodemon-3.1.7.tgz. Extracting by manifest.
138 silly tarball no local data for debug@https://registry.npmjs.org/debug/-/debug-4.3.7.tgz. Extracting by manifest.
139 http fetch GET 200 https://registry.npmjs.org/brace-expansion/-/brace-expansion-1.1.11.tgz 251ms (cache miss)
140 http fetch GET 200 https://registry.npmjs.org/is-number/-/is-number-7.0.0.tgz 266ms (cache miss)
141 http fetch POST 200 https://registry.npmjs.org/-/npm/v1/security/advisories/bulk 429ms
142 silly audit report {}
143 http fetch GET 200 https://registry.npmjs.org/balanced-match/-/balanced-match-1.0.2.tgz 396ms (cache miss)
144 http fetch GET 200 https://registry.npmjs.org/anymatch/-/anymatch-3.1.3.tgz 599ms (cache miss)
145 http fetch GET 200 https://registry.npmjs.org/to-regex-range/-/to-regex-range-5.0.1.tgz 628ms (cache miss)
146 http fetch GET 200 https://registry.npmjs.org/has-flag/-/has-flag-3.0.0.tgz 657ms (cache miss)
147 http fetch GET 200 https://registry.npmjs.org/concat-map/-/concat-map-0.0.1.tgz 655ms (cache miss)
148 http fetch GET 200 https://registry.npmjs.org/fill-range/-/fill-range-7.1.1.tgz 656ms (cache miss)
149 http fetch GET 200 https://registry.npmjs.org/normalize-path/-/normalize-path-3.0.0.tgz 661ms (cache miss)
150 http fetch GET 200 https://registry.npmjs.org/binary-extensions/-/binary-extensions-2.3.0.tgz 682ms (cache miss)
151 http fetch GET 200 https://registry.npmjs.org/glob-parent/-/glob-parent-5.1.2.tgz 696ms (cache miss)
152 http fetch GET 200 https://registry.npmjs.org/touch/-/touch-3.1.1.tgz 694ms (cache miss)
153 http fetch GET 200 https://registry.npmjs.org/undefsafe/-/undefsafe-2.0.5.tgz 721ms (cache miss)
154 http fetch GET 200 https://registry.npmjs.org/supports-color/-/supports-color-5.5.0.tgz 717ms (cache miss)
155 http fetch GET 200 https://registry.npmjs.org/ignore-by-default/-/ignore-by-default-1.0.1.tgz 726ms (cache miss)
156 http fetch GET 200 https://registry.npmjs.org/minimatch/-/minimatch-3.1.2.tgz 746ms (cache miss)
157 http fetch GET 200 https://registry.npmjs.org/picomatch/-/picomatch-2.3.1.tgz 799ms (cache miss)
158 http fetch GET 200 https://registry.npmjs.org/braces/-/braces-3.0.3.tgz 796ms (cache miss)
159 http fetch GET 200 https://registry.npmjs.org/debug/-/debug-4.3.7.tgz 785ms (cache miss)
160 http fetch GET 200 https://registry.npmjs.org/is-glob/-/is-glob-4.0.3.tgz 832ms (cache miss)
161 http fetch GET 200 https://registry.npmjs.org/is-extglob/-/is-extglob-2.1.1.tgz 835ms (cache miss)
162 http fetch GET 200 https://registry.npmjs.org/pstree.remy/-/pstree.remy-1.1.8.tgz 821ms (cache miss)
163 http fetch GET 200 https://registry.npmjs.org/simple-update-notifier/-/simple-update-notifier-2.0.0.tgz 862ms (cache miss)
164 http fetch GET 200 https://registry.npmjs.org/chokidar/-/chokidar-3.6.0.tgz 851ms (cache miss)
165 http fetch GET 200 https://registry.npmjs.org/readdirp/-/readdirp-3.6.0.tgz 889ms (cache miss)
166 http fetch GET 200 https://registry.npmjs.org/is-binary-path/-/is-binary-path-2.1.0.tgz 890ms (cache miss)
167 http fetch GET 200 https://registry.npmjs.org/nodemon/-/nodemon-3.1.7.tgz 969ms (cache miss)
168 http fetch GET 200 https://registry.npmjs.org/semver/-/semver-7.6.3.tgz 977ms (cache miss)
169 silly ADD node_modules/is-number
170 silly ADD node_modules/has-flag
171 silly ADD node_modules/concat-map
172 silly ADD node_modules/balanced-match
173 silly ADD node_modules/brace-expansion
174 silly ADD node_modules/is-extglob
175 silly ADD node_modules/binary-extensions
176 silly ADD node_modules/to-regex-range
177 silly ADD node_modules/fill-range
178 silly ADD node_modules/picomatch
179 silly ADD node_modules/readdirp
180 silly ADD node_modules/normalize-path
181 silly ADD node_modules/is-glob
182 silly ADD node_modules/is-binary-path
183 silly ADD node_modules/glob-parent
184 silly ADD
185 silly ADD node_modules/braces
186 silly ADD node_modules/anymatch
187 silly ADD node_modules/undefsafe
188 silly ADD node_modules/touch
189 silly ADD node_modules/supports-color
190 silly ADD node_modules/simple-update-notifier
191 silly ADD node_modules/semver
192 silly ADD node_modules/pstree.remy
193 silly ADD node_modules/minimatch
194 silly ADD node_modules/ignore-by-default
195 silly ADD node_modules/chokidar
196 silly ADD node_modules/nodemon
197 silly ADD node_modules/nodemon/node_modules/ms
198 silly ADD node_modules/nodemon/node_modules/debug
199 verbose exit 0
200 info ok
