0 verbose cli C:\Program Files\nodejs\node.exe C:\Program Files\nodejs\node_modules\npm\bin\npm-cli.js
1 info using npm@10.7.0
2 info using node@v20.15.0
3 silly config:load:file:C:\Program Files\nodejs\node_modules\npm\npmrc
4 silly config:load:file:C:\Users\tives\Documents\projects\node\sparkhq\.npmrc
5 silly config:load:file:C:\Users\tives\.npmrc
6 silly config:load:file:C:\Users\tives\Documents\projects\node\sparkhq\tivesmynameAppDataRoamingnpm-cache\etc\npmrc
7 verbose title npm i @sendgrid/client
8 verbose argv "i" "@sendgrid/client"
9 verbose logfile logs-max:10 dir:C:\Users\tives\Documents\projects\node\sparkhq\tivesmynameAppDataRoamingnpm-cache\_logs\2024-10-02T07_15_28_948Z-
10 verbose logfile C:\Users\tives\Documents\projects\node\sparkhq\tivesmynameAppDataRoamingnpm-cache\_logs\2024-10-02T07_15_28_948Z-debug-0.log
11 silly logfile done cleaning log files
12 silly idealTree buildDeps
13 silly fetch manifest @sendgrid/client@*
14 http fetch GET 200 https://registry.npmjs.org/@sendgrid%2fclient 1201ms (cache miss)
15 silly placeDep ROOT @sendgrid/client@8.1.3 OK for: sparkhq@1.0.0 want: *
16 silly fetch manifest @sendgrid/helpers@^8.0.0
17 silly fetch manifest axios@^1.6.8
18 http fetch GET 200 https://registry.npmjs.org/axios 520ms (cache miss)
19 http fetch GET 200 https://registry.npmjs.org/@sendgrid%2fhelpers 651ms (cache miss)
20 silly placeDep ROOT @sendgrid/helpers@8.0.0 OK for: @sendgrid/client@8.1.3 want: ^8.0.0
21 silly placeDep ROOT axios@1.7.7 OK for: @sendgrid/client@8.1.3 want: ^1.6.8
22 silly fetch manifest deepmerge@^4.2.2
23 silly fetch manifest form-data@^4.0.0
24 silly fetch manifest proxy-from-env@^1.1.0
25 silly fetch manifest follow-redirects@^1.15.6
26 http fetch GET 200 https://registry.npmjs.org/form-data 193ms (cache miss)
27 http fetch GET 200 https://registry.npmjs.org/deepmerge 201ms (cache miss)
28 http fetch GET 200 https://registry.npmjs.org/follow-redirects 462ms (cache miss)
29 http fetch GET 200 https://registry.npmjs.org/proxy-from-env 536ms (cache miss)
30 silly placeDep ROOT deepmerge@4.3.1 OK for: @sendgrid/helpers@8.0.0 want: ^4.2.2
31 silly placeDep ROOT follow-redirects@1.15.9 OK for: axios@1.7.7 want: ^1.15.6
32 silly placeDep ROOT form-data@4.0.0 OK for: axios@1.7.7 want: ^4.0.0
33 silly placeDep ROOT proxy-from-env@1.1.0 OK for: axios@1.7.7 want: ^1.1.0
34 silly fetch manifest asynckit@^0.4.0
35 silly fetch manifest combined-stream@^1.0.8
36 http fetch GET 200 https://registry.npmjs.org/combined-stream 136ms (cache miss)
37 http fetch GET 200 https://registry.npmjs.org/asynckit 171ms (cache miss)
38 silly placeDep ROOT asynckit@0.4.0 OK for: form-data@4.0.0 want: ^0.4.0
39 silly placeDep ROOT combined-stream@1.0.8 OK for: form-data@4.0.0 want: ^1.0.8
40 silly fetch manifest delayed-stream@~1.0.0
41 http fetch GET 200 https://registry.npmjs.org/delayed-stream 179ms (cache miss)
42 silly placeDep ROOT delayed-stream@1.0.0 OK for: combined-stream@1.0.8 want: ~1.0.0
43 silly reify moves {}
44 silly audit bulk request {
44 silly audit   accepts: [ '1.3.8' ],
44 silly audit   'array-flatten': [ '1.1.1' ],
44 silly audit   'body-parser': [ '1.20.3' ],
44 silly audit   bytes: [ '3.1.2' ],
44 silly audit   'call-bind': [ '1.0.7' ],
44 silly audit   'content-disposition': [ '0.5.4' ],
44 silly audit   'content-type': [ '1.0.5' ],
44 silly audit   cookie: [ '0.6.0' ],
44 silly audit   'cookie-signature': [ '1.0.6' ],
44 silly audit   cors: [ '2.8.5' ],
44 silly audit   debug: [ '2.6.9' ],
44 silly audit   'define-data-property': [ '1.1.4' ],
44 silly audit   depd: [ '2.0.0' ],
44 silly audit   destroy: [ '1.2.0' ],
44 silly audit   dotenv: [ '16.4.5' ],
44 silly audit   'ee-first': [ '1.1.1' ],
44 silly audit   encodeurl: [ '2.0.0', '1.0.2' ],
44 silly audit   'es-define-property': [ '1.0.0' ],
44 silly audit   'es-errors': [ '1.3.0' ],
44 silly audit   'escape-html': [ '1.0.3' ],
44 silly audit   etag: [ '1.8.1' ],
44 silly audit   express: [ '4.21.0' ],
44 silly audit   finalhandler: [ '1.3.1' ],
44 silly audit   forwarded: [ '0.2.0' ],
44 silly audit   fresh: [ '0.5.2' ],
44 silly audit   'function-bind': [ '1.1.2' ],
44 silly audit   'get-intrinsic': [ '1.2.4' ],
44 silly audit   gopd: [ '1.0.1' ],
44 silly audit   'has-property-descriptors': [ '1.0.2' ],
44 silly audit   'has-proto': [ '1.0.3' ],
44 silly audit   'has-symbols': [ '1.0.3' ],
44 silly audit   hasown: [ '2.0.2' ],
44 silly audit   'http-errors': [ '2.0.0' ],
44 silly audit   'iconv-lite': [ '0.4.24' ],
44 silly audit   inherits: [ '2.0.4' ],
44 silly audit   'ipaddr.js': [ '1.9.1' ],
44 silly audit   'media-typer': [ '0.3.0' ],
44 silly audit   'merge-descriptors': [ '1.0.3' ],
44 silly audit   methods: [ '1.1.2' ],
44 silly audit   mime: [ '1.6.0' ],
44 silly audit   'mime-db': [ '1.52.0' ],
44 silly audit   'mime-types': [ '2.1.35' ],
44 silly audit   ms: [ '2.0.0', '2.1.3' ],
44 silly audit   negotiator: [ '0.6.3' ],
44 silly audit   'object-assign': [ '4.1.1' ],
44 silly audit   'object-inspect': [ '1.13.2' ],
44 silly audit   'on-finished': [ '2.4.1' ],
44 silly audit   parseurl: [ '1.3.3' ],
44 silly audit   'path-to-regexp': [ '0.1.10' ],
44 silly audit   'proxy-addr': [ '2.0.7' ],
44 silly audit   qs: [ '6.13.0' ],
44 silly audit   'range-parser': [ '1.2.1' ],
44 silly audit   'raw-body': [ '2.5.2' ],
44 silly audit   'safe-buffer': [ '5.2.1' ],
44 silly audit   'safer-buffer': [ '2.1.2' ],
44 silly audit   send: [ '0.19.0' ],
44 silly audit   'serve-static': [ '1.16.2' ],
44 silly audit   'set-function-length': [ '1.2.2' ],
44 silly audit   setprototypeof: [ '1.2.0' ],
44 silly audit   'side-channel': [ '1.0.6' ],
44 silly audit   statuses: [ '2.0.1' ],
44 silly audit   toidentifier: [ '1.0.1' ],
44 silly audit   'type-is': [ '1.6.18' ],
44 silly audit   unpipe: [ '1.0.0' ],
44 silly audit   'utils-merge': [ '1.0.1' ],
44 silly audit   vary: [ '1.1.2' ],
44 silly audit   '@sendgrid/client': [ '8.1.3' ],
44 silly audit   '@sendgrid/helpers': [ '8.0.0' ],
44 silly audit   axios: [ '1.7.7' ],
44 silly audit   deepmerge: [ '4.3.1' ],
44 silly audit   'follow-redirects': [ '1.15.9' ],
44 silly audit   'form-data': [ '4.0.0' ],
44 silly audit   'proxy-from-env': [ '1.1.0' ],
44 silly audit   asynckit: [ '0.4.0' ],
44 silly audit   'combined-stream': [ '1.0.8' ],
44 silly audit   'delayed-stream': [ '1.0.0' ]
44 silly audit }
45 silly tarball no local data for delayed-stream@https://registry.npmjs.org/delayed-stream/-/delayed-stream-1.0.0.tgz. Extracting by manifest.
46 silly tarball no local data for combined-stream@https://registry.npmjs.org/combined-stream/-/combined-stream-1.0.8.tgz. Extracting by manifest.
47 silly tarball no local data for asynckit@https://registry.npmjs.org/asynckit/-/asynckit-0.4.0.tgz. Extracting by manifest.
48 silly tarball no local data for proxy-from-env@https://registry.npmjs.org/proxy-from-env/-/proxy-from-env-1.1.0.tgz. Extracting by manifest.
49 silly tarball no local data for follow-redirects@https://registry.npmjs.org/follow-redirects/-/follow-redirects-1.15.9.tgz. Extracting by manifest.
50 silly tarball no local data for deepmerge@https://registry.npmjs.org/deepmerge/-/deepmerge-4.3.1.tgz. Extracting by manifest.
51 silly tarball no local data for form-data@https://registry.npmjs.org/form-data/-/form-data-4.0.0.tgz. Extracting by manifest.
52 silly tarball no local data for axios@https://registry.npmjs.org/axios/-/axios-1.7.7.tgz. Extracting by manifest.
53 silly tarball no local data for @sendgrid/helpers@https://registry.npmjs.org/@sendgrid/helpers/-/helpers-8.0.0.tgz. Extracting by manifest.
54 silly tarball no local data for @sendgrid/client@https://registry.npmjs.org/@sendgrid/client/-/client-8.1.3.tgz. Extracting by manifest.
55 http fetch GET 200 https://registry.npmjs.org/delayed-stream/-/delayed-stream-1.0.0.tgz 162ms (cache miss)
56 http fetch GET 200 https://registry.npmjs.org/combined-stream/-/combined-stream-1.0.8.tgz 163ms (cache miss)
57 http fetch GET 200 https://registry.npmjs.org/asynckit/-/asynckit-0.4.0.tgz 234ms (cache miss)
58 http fetch POST 200 https://registry.npmjs.org/-/npm/v1/security/advisories/bulk 395ms
59 silly audit report {}
60 http fetch GET 200 https://registry.npmjs.org/proxy-from-env/-/proxy-from-env-1.1.0.tgz 464ms (cache miss)
61 http fetch GET 200 https://registry.npmjs.org/form-data/-/form-data-4.0.0.tgz 466ms (cache miss)
62 http fetch GET 200 https://registry.npmjs.org/deepmerge/-/deepmerge-4.3.1.tgz 536ms (cache miss)
63 http fetch GET 200 https://registry.npmjs.org/follow-redirects/-/follow-redirects-1.15.9.tgz 648ms (cache miss)
64 http fetch GET 200 https://registry.npmjs.org/@sendgrid/client/-/client-8.1.3.tgz 793ms (cache miss)
65 http fetch GET 200 https://registry.npmjs.org/@sendgrid/helpers/-/helpers-8.0.0.tgz 980ms (cache miss)
66 http fetch GET 200 https://registry.npmjs.org/axios/-/axios-1.7.7.tgz 1056ms (cache miss)
67 silly ADD node_modules/delayed-stream
68 silly ADD node_modules/combined-stream
69 silly ADD node_modules/asynckit
70 silly ADD node_modules/proxy-from-env
71 silly ADD node_modules/form-data
72 silly ADD node_modules/follow-redirects
73 silly ADD node_modules/deepmerge
74 silly ADD node_modules/axios
75 silly ADD node_modules/@sendgrid/helpers
76 silly ADD node_modules/@sendgrid/client
77 verbose exit 0
78 info ok
