0 verbose cli C:\Program Files\nodejs\node.exe C:\Program Files\nodejs\node_modules\npm\bin\npm-cli.js
1 info using npm@10.7.0
2 info using node@v20.15.0
3 silly config:load:file:C:\Program Files\nodejs\node_modules\npm\npmrc
4 silly config:load:file:C:\Users\tives\Documents\projects\node\sparkhq\.npmrc
5 silly config:load:file:C:\Users\tives\.npmrc
6 silly config:load:file:C:\Users\tives\Documents\projects\node\sparkhq\tivesmynameAppDataRoamingnpm-cache\etc\npmrc
7 verbose title npm init
8 verbose argv "init" "--yes"
9 verbose logfile logs-max:10 dir:C:\Users\tives\Documents\projects\node\sparkhq\tivesmynameAppDataRoamingnpm-cache\_logs\2024-10-02T07_11_30_273Z-
10 verbose logfile C:\Users\tives\Documents\projects\node\sparkhq\tivesmynameAppDataRoamingnpm-cache\_logs\2024-10-02T07_11_30_273Z-debug-0.log
11 silly logfile done cleaning log files
12 silly package data {
12 silly package data   name: 'sparkhq',
12 silly package data   version: '1.0.0',
12 silly package data   main: 'index.js',
12 silly package data   scripts: { test: 'echo "Error: no test specified" && exit 1' },
12 silly package data   keywords: [],
12 silly package data   author: '',
12 silly package data   license: 'ISC',
12 silly package data   description: ''
12 silly package data }
13 verbose exit 0
14 info ok
