0 verbose cli C:\Program Files\nodejs\node.exe C:\Program Files\nodejs\node_modules\npm\bin\npm-cli.js
1 info using npm@10.7.0
2 info using node@v20.15.0
3 silly config:load:file:C:\Program Files\nodejs\node_modules\npm\npmrc
4 silly config:load:file:C:\Users\tives\Documents\projects\node\sparkhq\.npmrc
5 silly config:load:file:C:\Users\tives\.npmrc
6 silly config:load:file:C:\Users\tives\Documents\projects\node\sparkhq\tivesmynameAppDataRoamingnpm-cache\etc\npmrc
7 verbose title npm install nodemon
8 verbose argv "install" "nodemon" "--save-dev"
9 verbose logfile logs-max:10 dir:C:\Users\tives\Documents\projects\node\sparkhq\tivesmynameAppDataRoamingnpm-cache\_logs\2024-10-02T07_40_37_960Z-
10 verbose logfile C:\Users\tives\Documents\projects\node\sparkhq\tivesmynameAppDataRoamingnpm-cache\_logs\2024-10-02T07_40_37_960Z-debug-0.log
11 silly logfile done cleaning log files
12 warn idealTree Removing dependencies.nodemon in favor of devDependencies.nodemon
13 silly idealTree buildDeps
14 silly fetch manifest nodemon@*
15 http fetch GET 200 https://registry.npmjs.org/nodemon 1052ms (cache revalidated)
16 silly placeDep ROOT nodemon@3.1.7 REPLACE for: sparkhq@1.0.0 want: *
17 silly reify moves {}
18 silly audit bulk request {
18 silly audit   '@sendgrid/client': [ '8.1.3' ],
18 silly audit   '@sendgrid/helpers': [ '8.0.0' ],
18 silly audit   accepts: [ '1.3.8' ],
18 silly audit   anymatch: [ '3.1.3' ],
18 silly audit   'array-flatten': [ '1.1.1' ],
18 silly audit   asynckit: [ '0.4.0' ],
18 silly audit   axios: [ '1.7.7' ],
18 silly audit   'balanced-match': [ '1.0.2' ],
18 silly audit   'binary-extensions': [ '2.3.0' ],
18 silly audit   'body-parser': [ '1.20.3' ],
18 silly audit   'brace-expansion': [ '1.1.11' ],
18 silly audit   braces: [ '3.0.3' ],
18 silly audit   bytes: [ '3.1.2' ],
18 silly audit   'call-bind': [ '1.0.7' ],
18 silly audit   chokidar: [ '3.6.0' ],
18 silly audit   'combined-stream': [ '1.0.8' ],
18 silly audit   'concat-map': [ '0.0.1' ],
18 silly audit   'content-disposition': [ '0.5.4' ],
18 silly audit   'content-type': [ '1.0.5' ],
18 silly audit   cookie: [ '0.6.0' ],
18 silly audit   'cookie-signature': [ '1.0.6' ],
18 silly audit   cors: [ '2.8.5' ],
18 silly audit   debug: [ '2.6.9', '4.3.7' ],
18 silly audit   deepmerge: [ '4.3.1' ],
18 silly audit   'define-data-property': [ '1.1.4' ],
18 silly audit   'delayed-stream': [ '1.0.0' ],
18 silly audit   depd: [ '2.0.0' ],
18 silly audit   destroy: [ '1.2.0' ],
18 silly audit   dotenv: [ '16.4.5' ],
18 silly audit   'ee-first': [ '1.1.1' ],
18 silly audit   encodeurl: [ '2.0.0', '1.0.2' ],
18 silly audit   'es-define-property': [ '1.0.0' ],
18 silly audit   'es-errors': [ '1.3.0' ],
18 silly audit   'escape-html': [ '1.0.3' ],
18 silly audit   etag: [ '1.8.1' ],
18 silly audit   express: [ '4.21.0' ],
18 silly audit   'fill-range': [ '7.1.1' ],
18 silly audit   finalhandler: [ '1.3.1' ],
18 silly audit   'follow-redirects': [ '1.15.9' ],
18 silly audit   'form-data': [ '4.0.0' ],
18 silly audit   forwarded: [ '0.2.0' ],
18 silly audit   fresh: [ '0.5.2' ],
18 silly audit   fsevents: [ '2.3.3' ],
18 silly audit   'function-bind': [ '1.1.2' ],
18 silly audit   'get-intrinsic': [ '1.2.4' ],
18 silly audit   'glob-parent': [ '5.1.2' ],
18 silly audit   gopd: [ '1.0.1' ],
18 silly audit   'has-flag': [ '3.0.0' ],
18 silly audit   'has-property-descriptors': [ '1.0.2' ],
18 silly audit   'has-proto': [ '1.0.3' ],
18 silly audit   'has-symbols': [ '1.0.3' ],
18 silly audit   hasown: [ '2.0.2' ],
18 silly audit   'http-errors': [ '2.0.0' ],
18 silly audit   'iconv-lite': [ '0.4.24' ],
18 silly audit   'ignore-by-default': [ '1.0.1' ],
18 silly audit   inherits: [ '2.0.4' ],
18 silly audit   'ipaddr.js': [ '1.9.1' ],
18 silly audit   'is-binary-path': [ '2.1.0' ],
18 silly audit   'is-extglob': [ '2.1.1' ],
18 silly audit   'is-glob': [ '4.0.3' ],
18 silly audit   'is-number': [ '7.0.0' ],
18 silly audit   'media-typer': [ '0.3.0' ],
18 silly audit   'merge-descriptors': [ '1.0.3' ],
18 silly audit   methods: [ '1.1.2' ],
18 silly audit   mime: [ '1.6.0' ],
18 silly audit   'mime-db': [ '1.52.0' ],
18 silly audit   'mime-types': [ '2.1.35' ],
18 silly audit   minimatch: [ '3.1.2' ],
18 silly audit   ms: [ '2.0.0', '2.1.3' ],
18 silly audit   negotiator: [ '0.6.3' ],
18 silly audit   'normalize-path': [ '3.0.0' ],
18 silly audit   'object-assign': [ '4.1.1' ],
18 silly audit   'object-inspect': [ '1.13.2' ],
18 silly audit   'on-finished': [ '2.4.1' ],
18 silly audit   parseurl: [ '1.3.3' ],
18 silly audit   'path-to-regexp': [ '0.1.10' ],
18 silly audit   picomatch: [ '2.3.1' ],
18 silly audit   'proxy-addr': [ '2.0.7' ],
18 silly audit   'proxy-from-env': [ '1.1.0' ],
18 silly audit   'pstree.remy': [ '1.1.8' ],
18 silly audit   qs: [ '6.13.0' ],
18 silly audit   'range-parser': [ '1.2.1' ],
18 silly audit   'raw-body': [ '2.5.2' ],
18 silly audit   readdirp: [ '3.6.0' ],
18 silly audit   'safe-buffer': [ '5.2.1' ],
18 silly audit   'safer-buffer': [ '2.1.2' ],
18 silly audit   semver: [ '7.6.3' ],
18 silly audit   send: [ '0.19.0' ],
18 silly audit   'serve-static': [ '1.16.2' ],
18 silly audit   'set-function-length': [ '1.2.2' ],
18 silly audit   setprototypeof: [ '1.2.0' ],
18 silly audit   'side-channel': [ '1.0.6' ],
18 silly audit   'simple-update-notifier': [ '2.0.0' ],
18 silly audit   statuses: [ '2.0.1' ],
18 silly audit   'supports-color': [ '5.5.0' ],
18 silly audit   'to-regex-range': [ '5.0.1' ],
18 silly audit   toidentifier: [ '1.0.1' ],
18 silly audit   touch: [ '3.1.1' ],
18 silly audit   'type-is': [ '1.6.18' ],
18 silly audit   undefsafe: [ '2.0.5' ],
18 silly audit   unpipe: [ '1.0.0' ],
18 silly audit   'utils-merge': [ '1.0.1' ],
18 silly audit   vary: [ '1.1.2' ],
18 silly audit   nodemon: [ '3.1.7' ]
18 silly audit }
19 verbose reify failed optional dependency C:\Users\tives\Documents\projects\node\sparkhq\node_modules\fsevents
20 silly reify mark deleted [
20 silly reify   'C:\\Users\\tives\\Documents\\projects\\node\\sparkhq\\node_modules\\fsevents'
20 silly reify ]
21 http fetch POST 200 https://registry.npmjs.org/-/npm/v1/security/advisories/bulk 510ms
22 silly audit report {}
23 silly ADD
24 verbose exit 0
25 info ok
